$ storybook build
@storybook/core v8.6.18

info => Cleaning outputDir: storybook-static
info => Loading presets
info => Building manager..
info => Manager built ([38;2;181;126;229m1.72 s[39m)
info => Building preview..
vite v6.4.3 building for production...
transforming...
(node:10407) [DEP0190] DeprecationWarning: Passing args to a child process with shell option true can lead to security vulnerabilities, as the arguments are not escaped, only concatenated.
(Use `node --trace-deprecation ...` to show where the warning was created)
✓ 180 modules transformed.
../../node_modules/.pnpm/@storybook+core@8.6.18_prettier@2.8.8_storybook@8.6.18_prettier@2.8.8_/node_modules/@storybook/core/dist/preview/runtime.js (3683:15): Use of eval in "../../node_modules/.pnpm/@storybook+core@8.6.18_prettier@2.8.8_storybook@8.6.18_prettier@2.8.8_/node_modules/@storybook/core/dist/preview/runtime.js" is strongly discouraged as it poses security risks and may cause issues with minification.
../../node_modules/.pnpm/@storybook+core@8.6.18_prettier@2.8.8_storybook@8.6.18_prettier@2.8.8_/node_modules/@storybook/core/dist/preview/runtime.js (3685:16): Use of eval in "../../node_modules/.pnpm/@storybook+core@8.6.18_prettier@2.8.8_storybook@8.6.18_prettier@2.8.8_/node_modules/@storybook/core/dist/preview/runtime.js" is strongly discouraged as it poses security risks and may cause issues with minification.
rendering chunks...
computing gzip size...
storybook-static/iframe.html                                  17.56 kB │ gzip:   4.98 kB
storybook-static/assets/preview-BW6vFFbt.css                  81.65 kB │ gzip:  12.62 kB
storybook-static/assets/tiny-invariant-CopsF_GD.js             0.08 kB │ gzip:   0.10 kB
storybook-static/assets/_commonjsHelpers-CqkleIqs.js           0.12 kB │ gzip:   0.13 kB
storybook-static/assets/preview-CvbIS5ZJ.js                    0.18 kB │ gzip:   0.16 kB
storybook-static/assets/index-DcmT-4zV.js                      0.56 kB │ gzip:   0.35 kB
storybook-static/assets/preview-DGUiP6tS.js                    0.71 kB │ gzip:   0.50 kB
storybook-static/assets/index-DrFu-skq.js                      0.77 kB │ gzip:   0.47 kB
storybook-static/assets/Progress.stories-DTFpWIrt.js           0.78 kB │ gzip:   0.49 kB
storybook-static/assets/v4-CtRu48qb.js                         0.81 kB │ gzip:   0.43 kB
storybook-static/assets/ThemeToggle.stories-D4yhnXmT.js        0.82 kB │ gzip:   0.50 kB
storybook-static/assets/preview-Bo-YltnC.js                    0.82 kB │ gzip:   0.53 kB
storybook-static/assets/Breadcrumb.stories-sP4jJwRZ.js         0.85 kB │ gzip:   0.49 kB
storybook-static/assets/SearchInput.stories-w2HZnjdb.js        0.90 kB │ gzip:   0.51 kB
storybook-static/assets/EmptyState.stories-eaTk1LTE.js         0.92 kB │ gzip:   0.53 kB
storybook-static/assets/KeyBox.stories-CC1_7JUt.js             0.94 kB │ gzip:   0.56 kB
storybook-static/assets/Accordion.stories-BEsnsttV.js          0.96 kB │ gzip:   0.57 kB
storybook-static/assets/Select.stories-BS7OU3Rn.js             1.08 kB │ gzip:   0.59 kB
storybook-static/assets/chunk-L4EGOTBX-BtC3WUEh.js             1.10 kB │ gzip:   0.64 kB
storybook-static/assets/Card.stories-BojKJB8t.js               1.10 kB │ gzip:   0.63 kB
storybook-static/assets/SkillCard.stories-vHNavWNJ.js          1.14 kB │ gzip:   0.56 kB
storybook-static/assets/Table.stories-BPN1p9q8.js              1.23 kB │ gzip:   0.67 kB
storybook-static/assets/Nav.stories-mDm2Ndia.js                1.28 kB │ gzip:   0.66 kB
storybook-static/assets/Stat.stories-rnCWjXiA.js               1.35 kB │ gzip:   0.58 kB
storybook-static/assets/entry-preview-79qka4gY.js              1.52 kB │ gzip:   0.91 kB
storybook-static/assets/Avatar.stories-CM9FewJC.js             1.53 kB │ gzip:   0.62 kB
storybook-static/assets/Modal.stories-BM4gcbi2.js              1.61 kB │ gzip:   0.80 kB
storybook-static/assets/Switch.stories-wtfdFCyq.js             1.67 kB │ gzip:   0.68 kB
storybook-static/assets/Tabs.stories-C_HI9bm6.js               1.70 kB │ gzip:   0.76 kB
storybook-static/assets/Badge.stories-B3Y7AJ7i.js              1.93 kB │ gzip:   0.68 kB
storybook-static/assets/IconChip.stories-BuLBqTAR.js           1.99 kB │ gzip:   0.78 kB
storybook-static/assets/Callout.stories-BktiFWyt.js            2.21 kB │ gzip:   0.81 kB
storybook-static/assets/Chat.stories-CyRXv7MC.js               2.40 kB │ gzip:   0.91 kB
storybook-static/assets/Status.stories-BB3J9KOC.js             2.52 kB │ gzip:   0.86 kB
storybook-static/assets/Input.stories-BTrD2ipu.js              2.53 kB │ gzip:   0.91 kB
storybook-static/assets/Toast.stories-C0YGLG7T.js              2.54 kB │ gzip:   1.24 kB
storybook-static/assets/Foundations.stories-DkoEQfS2.js        2.75 kB │ gzip:   0.97 kB
storybook-static/assets/preview-BaoH-L4j.js                    2.75 kB │ gzip:   1.38 kB
storybook-static/assets/entry-preview-docs-DGM1UAjP.js         2.97 kB │ gzip:   1.45 kB
storybook-static/assets/AppShell.stories-D-zWE8RR.js           3.78 kB │ gzip:   1.43 kB
storybook-static/assets/Button.stories-CU1Jdg__.js             4.18 kB │ gzip:   1.21 kB
storybook-static/assets/preview-B8lJiyuQ.js                    5.06 kB │ gzip:   1.88 kB
storybook-static/assets/preview-BWzBA1C2.js                    7.62 kB │ gzip:   1.56 kB
storybook-static/assets/preview-CPX9RCe3.js                    8.10 kB │ gzip:   3.09 kB
storybook-static/assets/lit-element-CHqfs0qX.js               16.21 kB │ gzip:   6.05 kB
storybook-static/assets/Color-YHDXOIA2-wK0y2mMj.js            29.26 kB │ gzip:  11.02 kB
storybook-static/assets/matchers-7Z3WT2CE-T3xScrR7.js         29.81 kB │ gzip:  10.30 kB
storybook-static/assets/chat-C1ODE0MD.js                      30.66 kB │ gzip:   7.54 kB
storybook-static/assets/preview-IzDIuZ9_.js                   51.42 kB │ gzip:   8.79 kB
storybook-static/assets/index-C__6K5js.js                     52.57 kB │ gzip:  14.96 kB
storybook-static/assets/iframe-CjGM8NDx.js                   216.37 kB │ gzip:  72.72 kB
storybook-static/assets/axe-MexuJrbr.js                      592.83 kB │ gzip: 163.76 kB
storybook-static/assets/preview-CH7Kvske.js                  662.84 kB │ gzip: 157.59 kB
storybook-static/assets/DocsRenderer-CFRXHY34-FhOaKt1w.js  1,084.33 kB │ gzip: 338.33 kB

(!) Some chunks are larger than 500 kB after minification. Consider:
- Using dynamic import() to code-split the application
- Use build.rollupOptions.output.manualChunks to improve chunking: https://rollupjs.org/configuration-options/#output-manualchunks
- Adjust chunk size limit for this warning via build.chunkSizeWarningLimit.
✓ built in 51.19s
info => Preview built ([38;2;181;126;229m55 s[39m)
info => Output directory: /Users/issambenamara/Downloads/Andy/apps/storybook/storybook-static
