$ ng-packagr -p ng-package.json
Building Angular Package

------------------------------------------------------------------------------
Building entry point '@andy-ui/angular'
------------------------------------------------------------------------------
- Compiling with Angular sources in Ivy partial compilation mode.
✔ Compiling with Angular sources in Ivy partial compilation mode.
- Writing FESM bundles
✔ Writing FESM bundles
- Copying assets
✔ Copying assets
- Writing package manifest
ℹ Removing scripts section in package.json as it's considered a potential security vulnerability.
ℹ Removing devDependencies section in package.json.
✔ Writing package manifest
✔ Built @andy-ui/angular

------------------------------------------------------------------------------
Built Angular Package
 - from: /Users/issambenamara/Downloads/Andy/packages/angular
 - to:   /Users/issambenamara/Downloads/Andy/packages/angular/dist
------------------------------------------------------------------------------

Build at: 2026-06-09T13:50:50.733Z - Time: 17107ms

