$ vite build && tsc --emitDeclarationOnly && pnpm analyze
vite v6.4.3 building for production...
transforming...
✓ 30 modules transformed.
rendering chunks...
computing gzip size...
dist/components/theme-toggle.js       0.25 kB │ gzip: 0.18 kB │ map: 0.10 kB
dist/components/badge.js              0.80 kB │ gzip: 0.50 kB │ map: 1.34 kB
dist/components/stat.js               0.89 kB │ gzip: 0.51 kB │ map: 1.26 kB
dist/components/avatar.js             0.91 kB │ gzip: 0.54 kB │ map: 1.49 kB
dist/components/progress.js           0.93 kB │ gzip: 0.56 kB │ map: 1.40 kB
dist/components/card.js               0.96 kB │ gzip: 0.56 kB │ map: 1.60 kB
dist/components/callout.js            0.99 kB │ gzip: 0.58 kB │ map: 1.75 kB
dist/components/status.js             1.04 kB │ gzip: 0.55 kB │ map: 1.91 kB
dist/components/icon-chip.js          1.11 kB │ gzip: 0.60 kB │ map: 1.99 kB
dist/components/breadcrumb.js         1.18 kB │ gzip: 0.68 kB │ map: 2.32 kB
dist/components/search-input.js       1.32 kB │ gzip: 0.67 kB │ map: 2.13 kB
dist/components/empty-state.js        1.35 kB │ gzip: 0.73 kB │ map: 2.05 kB
dist/components/accordion.js          1.36 kB │ gzip: 0.71 kB │ map: 2.26 kB
dist/components/switch.js             1.42 kB │ gzip: 0.74 kB │ map: 2.40 kB
dist/components/select.js             1.44 kB │ gzip: 0.74 kB │ map: 2.88 kB
dist/components/table.js              1.51 kB │ gzip: 0.74 kB │ map: 3.03 kB
dist/components/nav.js                1.53 kB │ gzip: 0.76 kB │ map: 2.96 kB
dist/components/button.js             1.59 kB │ gzip: 0.76 kB │ map: 3.08 kB
dist/components/toast.js              1.63 kB │ gzip: 0.80 kB │ map: 4.58 kB
dist/components/skill-card.js         1.73 kB │ gzip: 0.82 kB │ map: 2.68 kB
dist/components/tabs.js               1.75 kB │ gzip: 0.81 kB │ map: 3.30 kB
dist/chunks/icons-Dyl0601F.js         1.79 kB │ gzip: 0.70 kB │ map: 2.92 kB
dist/components/key-box.js            1.83 kB │ gzip: 0.88 kB │ map: 3.28 kB
dist/chunks/theme-toggle-DhG6fsp4.js  1.83 kB │ gzip: 0.87 kB │ map: 4.07 kB
dist/components/input.js              2.00 kB │ gzip: 0.83 kB │ map: 3.65 kB
dist/components/modal.js              2.01 kB │ gzip: 0.90 kB │ map: 3.61 kB
dist/components/chat.js               2.52 kB │ gzip: 0.89 kB │ map: 4.68 kB
dist/index.js                         2.56 kB │ gzip: 0.79 kB │ map: 0.12 kB
dist/chunks/base-DPbIYdLL.js          2.70 kB │ gzip: 1.17 kB │ map: 6.85 kB
dist/components/layout.js             3.48 kB │ gzip: 1.22 kB │ map: 7.05 kB
✓ built in 1.54s
$ cem analyze || true
[3:50:23 PM] @custom-elements-manifest/analyzer: Created new manifest.
